0 info it worked if it ends with ok
1 verbose cli [ '/usr/bin/nodejs',
1 verbose cli   '/usr/bin/npm',
1 verbose cli   'run',
1 verbose cli   'build',
1 verbose cli   '--',
1 verbose cli   '--no-progress=false',
1 verbose cli   '--env=dev',
1 verbose cli   '--plugins=homepage,jobs,deep_learning,worker,large_image,vigilant,slideatlas,vigilant_evaluation_annotation',
1 verbose cli   '--configure-plugins=' ]
2 info using npm@3.10.10
3 info using node@v6.11.0
4 verbose run-script [ 'prebuild', 'build', 'postbuild' ]
5 info lifecycle @girder/app@2.3.0~prebuild: @girder/app@2.3.0
6 silly lifecycle @girder/app@2.3.0~prebuild: no script for prebuild, continuing
7 info lifecycle @girder/app@2.3.0~build: @girder/app@2.3.0
8 verbose lifecycle @girder/app@2.3.0~build: unsafe-perm in lifecycle true
9 verbose lifecycle @girder/app@2.3.0~build: PATH: /usr/lib/node_modules/npm/bin/node-gyp-bin:/home/claw/girder/girder/node_modules/.bin:/home/claw/girder/girder_env/bin:/home/claw/bin:/usr/local/cuda-8.0/bin:/home/claw/.npm-global/lib:/home/claw/code/cmake-3.5.2-Linux-x86_64/bin:/usr/local/sbin:/usr/local/bin:/usr/sbin:/usr/bin:/sbin:/bin:/usr/games:/usr/local/games:/usr/local/go/bin
10 verbose lifecycle @girder/app@2.3.0~build: CWD: /home/claw/girder/girder
11 silly lifecycle @girder/app@2.3.0~build: Args: [ '-c',
11 silly lifecycle   'NODE_PATH=$PWD/node_modules grunt "--no-progress=false" "--env=dev" "--plugins=homepage,jobs,deep_learning,worker,large_image,vigilant,slideatlas,vigilant_evaluation_annotation" "--configure-plugins="' ]
12 silly lifecycle @girder/app@2.3.0~build: Returned: code: 3  signal: null
13 info lifecycle @girder/app@2.3.0~build: Failed to exec build script
14 verbose stack Error: @girder/app@2.3.0 build: `NODE_PATH=$PWD/node_modules grunt "--no-progress=false" "--env=dev" "--plugins=homepage,jobs,deep_learning,worker,large_image,vigilant,slideatlas,vigilant_evaluation_annotation" "--configure-plugins="`
14 verbose stack Exit status 3
14 verbose stack     at EventEmitter.<anonymous> (/usr/lib/node_modules/npm/lib/utils/lifecycle.js:255:16)
14 verbose stack     at emitTwo (events.js:106:13)
14 verbose stack     at EventEmitter.emit (events.js:191:7)
14 verbose stack     at ChildProcess.<anonymous> (/usr/lib/node_modules/npm/lib/utils/spawn.js:40:14)
14 verbose stack     at emitTwo (events.js:106:13)
14 verbose stack     at ChildProcess.emit (events.js:191:7)
14 verbose stack     at maybeClose (internal/child_process.js:891:16)
14 verbose stack     at Process.ChildProcess._handle.onexit (internal/child_process.js:226:5)
15 verbose pkgid @girder/app@2.3.0
16 verbose cwd /home/claw/girder/girder/girder
17 error Linux 4.4.0-92-generic
18 error argv "/usr/bin/nodejs" "/usr/bin/npm" "run" "build" "--" "--no-progress=false" "--env=dev" "--plugins=homepage,jobs,deep_learning,worker,large_image,vigilant,slideatlas,vigilant_evaluation_annotation" "--configure-plugins="
19 error node v6.11.0
20 error npm  v3.10.10
21 error code ELIFECYCLE
22 error @girder/app@2.3.0 build: `NODE_PATH=$PWD/node_modules grunt "--no-progress=false" "--env=dev" "--plugins=homepage,jobs,deep_learning,worker,large_image,vigilant,slideatlas,vigilant_evaluation_annotation" "--configure-plugins="`
22 error Exit status 3
23 error Failed at the @girder/app@2.3.0 build script 'NODE_PATH=$PWD/node_modules grunt "--no-progress=false" "--env=dev" "--plugins=homepage,jobs,deep_learning,worker,large_image,vigilant,slideatlas,vigilant_evaluation_annotation" "--configure-plugins="'.
23 error Make sure you have the latest version of node.js and npm installed.
23 error If you do, this is most likely a problem with the @girder/app package,
23 error not with npm itself.
23 error Tell the author that this fails on your system:
23 error     NODE_PATH=$PWD/node_modules grunt "--no-progress=false" "--env=dev" "--plugins=homepage,jobs,deep_learning,worker,large_image,vigilant,slideatlas,vigilant_evaluation_annotation" "--configure-plugins="
23 error You can get information on how to open an issue for this project with:
23 error     npm bugs @girder/app
23 error Or if that isn't available, you can get their info via:
23 error     npm owner ls @girder/app
23 error There is likely additional logging output above.
24 verbose exit [ 1, true ]
